0 info it worked if it ends with ok
1 verbose cli [ 'C:\\Program Files\\nodejs\\node.exe',
1 verbose cli   'C:\\Program Files\\nodejs\\node_modules\\npm\\bin\\npm-cli.js',
1 verbose cli   'bugs',
1 verbose cli   'ccap' ]
2 info using npm@3.10.8
3 info using node@v6.9.1
4 silly fetchPackageMetaData ccap
5 silly fetchNamedPackageData ccap
6 silly mapToRegistry name ccap
7 silly mapToRegistry using default registry
8 silly mapToRegistry registry https://registry.npmjs.org/
9 silly mapToRegistry data Result {
9 silly mapToRegistry   raw: 'ccap',
9 silly mapToRegistry   scope: null,
9 silly mapToRegistry   escapedName: 'ccap',
9 silly mapToRegistry   name: 'ccap',
9 silly mapToRegistry   rawSpec: '',
9 silly mapToRegistry   spec: 'latest',
9 silly mapToRegistry   type: 'tag' }
10 silly mapToRegistry uri https://registry.npmjs.org/ccap
11 verbose request uri https://registry.npmjs.org/ccap
12 verbose request no auth needed
13 info attempt registry request try #1 at 14:36:58
14 verbose request id b71f19d31d32a11c
15 verbose etag W/"5823ec1f-c5f1"
16 verbose lastModified Thu, 10 Nov 2016 03:40:15 GMT
17 http request GET https://registry.npmjs.org/ccap
18 http 304 https://registry.npmjs.org/ccap
19 verbose headers { date: 'Sat, 04 Mar 2017 06:37:24 GMT',
19 verbose headers   via: '1.1 varnish',
19 verbose headers   'cache-control': 'max-age=300',
19 verbose headers   etag: 'W/"5823ec1f-c5f1"',
19 verbose headers   age: '62',
19 verbose headers   connection: 'keep-alive',
19 verbose headers   'x-served-by': 'cache-sin6926-SIN',
19 verbose headers   'x-cache': 'HIT',
19 verbose headers   'x-cache-hits': '2',
19 verbose headers   'x-timer': 'S1488609444.884274,VS0,VE0',
19 verbose headers   vary: 'Accept-Encoding' }
20 silly get cb [ 304,
20 silly get   { date: 'Sat, 04 Mar 2017 06:37:24 GMT',
20 silly get     via: '1.1 varnish',
20 silly get     'cache-control': 'max-age=300',
20 silly get     etag: 'W/"5823ec1f-c5f1"',
20 silly get     age: '62',
20 silly get     connection: 'keep-alive',
20 silly get     'x-served-by': 'cache-sin6926-SIN',
20 silly get     'x-cache': 'HIT',
20 silly get     'x-cache-hits': '2',
20 silly get     'x-timer': 'S1488609444.884274,VS0,VE0',
20 silly get     vary: 'Accept-Encoding' } ]
21 verbose etag https://registry.npmjs.org/ccap from cache
22 verbose get saving ccap to C:\Users\Administrator\AppData\Roaming\npm-cache\registry.npmjs.org\ccap\.cache.json
23 verbose correctMkdir C:\Users\Administrator\AppData\Roaming\npm-cache correctMkdir not in flight; initializing
24 silly bugs url https://github.com/DoubleSpout/ccap/issues
25 verbose stack Error: spawn cmd ENOENT
25 verbose stack     at exports._errnoException (util.js:1026:11)
25 verbose stack     at Process.ChildProcess._handle.onexit (internal/child_process.js:193:32)
25 verbose stack     at onErrorNT (internal/child_process.js:359:16)
25 verbose stack     at _combinedTickCallback (internal/process/next_tick.js:74:11)
25 verbose stack     at process._tickCallback (internal/process/next_tick.js:98:9)
26 verbose cwd F:\weibo
27 error Windows_NT 6.3.9600
28 error argv "C:\\Program Files\\nodejs\\node.exe" "C:\\Program Files\\nodejs\\node_modules\\npm\\bin\\npm-cli.js" "bugs" "ccap"
29 error node v6.9.1
30 error npm  v3.10.8
31 error path cmd
32 error code ENOENT
33 error errno ENOENT
34 error syscall spawn cmd
35 error enoent spawn cmd ENOENT
36 error enoent spawn cmd ENOENT
36 error enoent This is most likely not a problem with npm itself
36 error enoent and is related to npm not being able to find a file.
37 verbose exit [ 1, true ]
