0 info it worked if it ends with ok
1 verbose cli [ 'C:\\Program Files\\nodejs\\node.exe',
1 verbose cli   'C:\\Program Files\\nodejs\\node_modules\\npm\\bin\\npm-cli.js',
1 verbose cli   'install',
1 verbose cli   'captchapng' ]
2 info using npm@3.10.8
3 info using node@v6.9.1
4 silly loadCurrentTree Starting
5 silly install loadCurrentTree
6 silly install readLocalPackageData
7 silly fetchPackageMetaData captchapng@*
8 silly fetchNamedPackageData captchapng
9 silly mapToRegistry name captchapng
10 silly mapToRegistry using default registry
11 silly mapToRegistry registry https://registry.npmjs.org/
12 silly mapToRegistry data Result {
12 silly mapToRegistry   raw: 'captchapng',
12 silly mapToRegistry   scope: null,
12 silly mapToRegistry   escapedName: 'captchapng',
12 silly mapToRegistry   name: 'captchapng',
12 silly mapToRegistry   rawSpec: '',
12 silly mapToRegistry   spec: 'latest',
12 silly mapToRegistry   type: 'tag' }
13 silly mapToRegistry uri https://registry.npmjs.org/captchapng
14 verbose request uri https://registry.npmjs.org/captchapng
15 verbose request no auth needed
16 info attempt registry request try #1 at 14:54:42
17 verbose request id 24062588f52fb332
18 http request GET https://registry.npmjs.org/captchapng
19 http 200 https://registry.npmjs.org/captchapng
20 verbose headers { server: 'nginx/1.10.1',
20 verbose headers   'content-type': 'application/json',
20 verbose headers   'last-modified': 'Fri, 21 Oct 2016 07:21:21 GMT',
20 verbose headers   etag: 'W/"5809c1f1-f24"',
20 verbose headers   'content-encoding': 'gzip',
20 verbose headers   'cache-control': 'max-age=300',
20 verbose headers   'content-length': '1226',
20 verbose headers   'accept-ranges': 'bytes',
20 verbose headers   date: 'Sat, 04 Mar 2017 06:55:08 GMT',
20 verbose headers   via: '1.1 varnish',
20 verbose headers   age: '0',
20 verbose headers   connection: 'keep-alive',
20 verbose headers   'x-served-by': 'cache-hkg6820-HKG',
20 verbose headers   'x-cache': 'MISS',
20 verbose headers   'x-cache-hits': '0',
20 verbose headers   'x-timer': 'S1488610508.157738,VS0,VE210',
20 verbose headers   vary: 'Accept-Encoding' }
21 silly get cb [ 200,
21 silly get   { server: 'nginx/1.10.1',
21 silly get     'content-type': 'application/json',
21 silly get     'last-modified': 'Fri, 21 Oct 2016 07:21:21 GMT',
21 silly get     etag: 'W/"5809c1f1-f24"',
21 silly get     'content-encoding': 'gzip',
21 silly get     'cache-control': 'max-age=300',
21 silly get     'content-length': '1226',
21 silly get     'accept-ranges': 'bytes',
21 silly get     date: 'Sat, 04 Mar 2017 06:55:08 GMT',
21 silly get     via: '1.1 varnish',
21 silly get     age: '0',
21 silly get     connection: 'keep-alive',
21 silly get     'x-served-by': 'cache-hkg6820-HKG',
21 silly get     'x-cache': 'MISS',
21 silly get     'x-cache-hits': '0',
21 silly get     'x-timer': 'S1488610508.157738,VS0,VE210',
21 silly get     vary: 'Accept-Encoding' } ]
22 verbose get saving captchapng to C:\Users\Administrator\AppData\Roaming\npm-cache\registry.npmjs.org\captchapng\.cache.json
23 verbose correctMkdir C:\Users\Administrator\AppData\Roaming\npm-cache correctMkdir not in flight; initializing
24 silly install normalizeTree
25 silly loadCurrentTree Finishing
26 silly loadIdealTree Starting
27 silly install loadIdealTree
28 silly cloneCurrentTree Starting
29 silly install cloneCurrentTreeToIdealTree
30 silly cloneCurrentTree Finishing
31 silly loadShrinkwrap Starting
32 silly install loadShrinkwrap
33 silly loadShrinkwrap Finishing
34 silly loadAllDepsIntoIdealTree Starting
35 silly install loadAllDepsIntoIdealTree
36 silly resolveWithNewModule captchapng@0.0.1 checking installable status
37 silly cache add args [ 'captchapng@*', null ]
38 verbose cache add spec captchapng@*
39 silly cache add parsed spec Result {
39 silly cache add   raw: 'captchapng@*',
39 silly cache add   scope: null,
39 silly cache add   escapedName: 'captchapng',
39 silly cache add   name: 'captchapng',
39 silly cache add   rawSpec: '*',
39 silly cache add   spec: '*',
39 silly cache add   type: 'range' }
40 silly addNamed captchapng@*
41 verbose addNamed "*" is a valid semver range for captchapng
42 silly addNameRange { name: 'captchapng', range: '*', hasData: false }
43 silly mapToRegistry name captchapng
44 silly mapToRegistry using default registry
45 silly mapToRegistry registry https://registry.npmjs.org/
46 silly mapToRegistry data Result {
46 silly mapToRegistry   raw: 'captchapng',
46 silly mapToRegistry   scope: null,
46 silly mapToRegistry   escapedName: 'captchapng',
46 silly mapToRegistry   name: 'captchapng',
46 silly mapToRegistry   rawSpec: '',
46 silly mapToRegistry   spec: 'latest',
46 silly mapToRegistry   type: 'tag' }
47 silly mapToRegistry uri https://registry.npmjs.org/captchapng
48 verbose addNameRange registry:https://registry.npmjs.org/captchapng not in flight; fetching
49 verbose get https://registry.npmjs.org/captchapng not expired, no request
50 silly addNameRange number 2 { name: 'captchapng', range: '*', hasData: true }
51 silly addNameRange versions [ 'captchapng', [ '0.0.1' ] ]
52 silly addNamed captchapng@0.0.1
53 verbose addNamed "0.0.1" is a plain semver version for captchapng
54 silly mapToRegistry name captchapng
55 silly mapToRegistry using default registry
56 silly mapToRegistry registry https://registry.npmjs.org/
57 silly mapToRegistry data Result {
57 silly mapToRegistry   raw: 'captchapng',
57 silly mapToRegistry   scope: null,
57 silly mapToRegistry   escapedName: 'captchapng',
57 silly mapToRegistry   name: 'captchapng',
57 silly mapToRegistry   rawSpec: '',
57 silly mapToRegistry   spec: 'latest',
57 silly mapToRegistry   type: 'tag' }
58 silly mapToRegistry uri https://registry.npmjs.org/captchapng
59 verbose addRemoteTarball https://registry.npmjs.org/captchapng/-/captchapng-0.0.1.tgz not in flight; adding
60 verbose addRemoteTarball [ 'https://registry.npmjs.org/captchapng/-/captchapng-0.0.1.tgz',
60 verbose addRemoteTarball   '17605d4076fec6370791061aa814399e18c893ea' ]
61 info retry fetch attempt 1 at 14:54:44
62 info attempt registry request try #1 at 14:54:44
63 http fetch GET https://registry.npmjs.org/captchapng/-/captchapng-0.0.1.tgz
64 http fetch 200 https://registry.npmjs.org/captchapng/-/captchapng-0.0.1.tgz
65 silly fetchAndShaCheck shasum 17605d4076fec6370791061aa814399e18c893ea
66 verbose addTmpTarball C:\Users\ADMINI~1\AppData\Local\Temp\npm-6608-6517a335\registry.npmjs.org\captchapng\-\captchapng-0.0.1.tgz not in flight; adding
67 verbose addTmpTarball already have metadata; skipping unpack for captchapng@0.0.1
68 verbose correctMkdir C:\Users\Administrator\AppData\Roaming\npm-cache correctMkdir not in flight; initializing
69 silly cache afterAdd captchapng@0.0.1
70 verbose afterAdd C:\Users\Administrator\AppData\Roaming\npm-cache\captchapng\0.0.1\package\package.json not in flight; writing
71 verbose correctMkdir C:\Users\Administrator\AppData\Roaming\npm-cache correctMkdir not in flight; initializing
72 verbose afterAdd C:\Users\Administrator\AppData\Roaming\npm-cache\captchapng\0.0.1\package\package.json written
73 silly fetchNamedPackageData pnglib
74 silly mapToRegistry name pnglib
75 silly mapToRegistry using default registry
76 silly mapToRegistry registry https://registry.npmjs.org/
77 silly mapToRegistry data Result {
77 silly mapToRegistry   raw: 'pnglib',
77 silly mapToRegistry   scope: null,
77 silly mapToRegistry   escapedName: 'pnglib',
77 silly mapToRegistry   name: 'pnglib',
77 silly mapToRegistry   rawSpec: '',
77 silly mapToRegistry   spec: 'latest',
77 silly mapToRegistry   type: 'tag' }
78 silly mapToRegistry uri https://registry.npmjs.org/pnglib
79 verbose request uri https://registry.npmjs.org/pnglib
80 verbose request no auth needed
81 info attempt registry request try #1 at 14:54:48
82 http request GET https://registry.npmjs.org/pnglib
83 http 200 https://registry.npmjs.org/pnglib
84 verbose headers { server: 'nginx/1.10.1',
84 verbose headers   'content-type': 'application/json',
84 verbose headers   'last-modified': 'Tue, 20 Aug 2013 16:42:18 GMT',
84 verbose headers   etag: 'W/"52139c6a-86e"',
84 verbose headers   'content-encoding': 'gzip',
84 verbose headers   'cache-control': 'max-age=300',
84 verbose headers   'content-length': '774',
84 verbose headers   'accept-ranges': 'bytes',
84 verbose headers   date: 'Sat, 04 Mar 2017 06:55:13 GMT',
84 verbose headers   via: '1.1 varnish',
84 verbose headers   age: '0',
84 verbose headers   connection: 'keep-alive',
84 verbose headers   'x-served-by': 'cache-hkg6820-HKG',
84 verbose headers   'x-cache': 'MISS',
84 verbose headers   'x-cache-hits': '0',
84 verbose headers   'x-timer': 'S1488610513.533404,VS0,VE186',
84 verbose headers   vary: 'Accept-Encoding' }
85 silly get cb [ 200,
85 silly get   { server: 'nginx/1.10.1',
85 silly get     'content-type': 'application/json',
85 silly get     'last-modified': 'Tue, 20 Aug 2013 16:42:18 GMT',
85 silly get     etag: 'W/"52139c6a-86e"',
85 silly get     'content-encoding': 'gzip',
85 silly get     'cache-control': 'max-age=300',
85 silly get     'content-length': '774',
85 silly get     'accept-ranges': 'bytes',
85 silly get     date: 'Sat, 04 Mar 2017 06:55:13 GMT',
85 silly get     via: '1.1 varnish',
85 silly get     age: '0',
85 silly get     connection: 'keep-alive',
85 silly get     'x-served-by': 'cache-hkg6820-HKG',
85 silly get     'x-cache': 'MISS',
85 silly get     'x-cache-hits': '0',
85 silly get     'x-timer': 'S1488610513.533404,VS0,VE186',
85 silly get     vary: 'Accept-Encoding' } ]
86 verbose get saving pnglib to C:\Users\Administrator\AppData\Roaming\npm-cache\registry.npmjs.org\pnglib\.cache.json
87 verbose correctMkdir C:\Users\Administrator\AppData\Roaming\npm-cache correctMkdir not in flight; initializing
88 silly resolveWithNewModule pnglib@0.0.1 checking installable status
89 silly cache add args [ 'pnglib@', null ]
90 verbose cache add spec pnglib@
91 silly cache add parsed spec Result {
91 silly cache add   raw: 'pnglib@',
91 silly cache add   scope: null,
91 silly cache add   escapedName: 'pnglib',
91 silly cache add   name: 'pnglib',
91 silly cache add   rawSpec: '',
91 silly cache add   spec: 'latest',
91 silly cache add   type: 'tag' }
92 silly addNamed pnglib@latest
93 verbose addNamed "latest" is being treated as a dist-tag for pnglib
94 info addNameTag [ 'pnglib', 'latest' ]
95 silly mapToRegistry name pnglib
96 silly mapToRegistry using default registry
97 silly mapToRegistry registry https://registry.npmjs.org/
98 silly mapToRegistry data Result {
98 silly mapToRegistry   raw: 'pnglib',
98 silly mapToRegistry   scope: null,
98 silly mapToRegistry   escapedName: 'pnglib',
98 silly mapToRegistry   name: 'pnglib',
98 silly mapToRegistry   rawSpec: '',
98 silly mapToRegistry   spec: 'latest',
98 silly mapToRegistry   type: 'tag' }
99 silly mapToRegistry uri https://registry.npmjs.org/pnglib
100 verbose addNameTag registry:https://registry.npmjs.org/pnglib not in flight; fetching
101 verbose get https://registry.npmjs.org/pnglib not expired, no request
102 silly addNameTag next cb for pnglib with tag latest
103 silly addNamed pnglib@0.0.1
104 verbose addNamed "0.0.1" is a plain semver version for pnglib
105 silly mapToRegistry name pnglib
106 silly mapToRegistry using default registry
107 silly mapToRegistry registry https://registry.npmjs.org/
108 silly mapToRegistry data Result {
108 silly mapToRegistry   raw: 'pnglib',
108 silly mapToRegistry   scope: null,
108 silly mapToRegistry   escapedName: 'pnglib',
108 silly mapToRegistry   name: 'pnglib',
108 silly mapToRegistry   rawSpec: '',
108 silly mapToRegistry   spec: 'latest',
108 silly mapToRegistry   type: 'tag' }
109 silly mapToRegistry uri https://registry.npmjs.org/pnglib
110 verbose addRemoteTarball https://registry.npmjs.org/pnglib/-/pnglib-0.0.1.tgz not in flight; adding
111 verbose addRemoteTarball [ 'https://registry.npmjs.org/pnglib/-/pnglib-0.0.1.tgz',
111 verbose addRemoteTarball   'f9ab6f9c688f4a9d579ad8be28878a716e30c096' ]
112 info retry fetch attempt 1 at 14:54:49
113 info attempt registry request try #1 at 14:54:49
114 http fetch GET https://registry.npmjs.org/pnglib/-/pnglib-0.0.1.tgz
115 http fetch 200 https://registry.npmjs.org/pnglib/-/pnglib-0.0.1.tgz
116 silly fetchAndShaCheck shasum f9ab6f9c688f4a9d579ad8be28878a716e30c096
117 verbose addTmpTarball C:\Users\ADMINI~1\AppData\Local\Temp\npm-6608-6517a335\registry.npmjs.org\pnglib\-\pnglib-0.0.1.tgz not in flight; adding
118 verbose addTmpTarball already have metadata; skipping unpack for pnglib@0.0.1
119 verbose correctMkdir C:\Users\Administrator\AppData\Roaming\npm-cache correctMkdir not in flight; initializing
120 silly cache afterAdd pnglib@0.0.1
121 verbose afterAdd C:\Users\Administrator\AppData\Roaming\npm-cache\pnglib\0.0.1\package\package.json not in flight; writing
122 verbose correctMkdir C:\Users\Administrator\AppData\Roaming\npm-cache correctMkdir not in flight; initializing
123 verbose afterAdd C:\Users\Administrator\AppData\Roaming\npm-cache\pnglib\0.0.1\package\package.json written
124 silly loadAllDepsIntoIdealTree Finishing
125 silly loadIdealTree Finishing
126 silly currentTree untitled2@0.0.0
126 silly currentTree +-- accepts@1.3.3
126 silly currentTree +-- acorn-globals@1.0.9
126 silly currentTree +-- acorn@2.7.0
126 silly currentTree +-- align-text@0.1.4
126 silly currentTree +-- amdefine@1.0.1
126 silly currentTree +-- array-flatten@1.1.1
126 silly currentTree +-- asap@1.0.0
126 silly currentTree +-- async@0.2.10
126 silly currentTree +-- basic-auth@1.0.4
126 silly currentTree +-- bluebird@2.10.2
126 silly currentTree +-- body-parser@1.16.1
126 silly currentTree +-- bson@1.0.4
126 silly currentTree +-- buffer-shims@1.0.0
126 silly currentTree +-- bytes@2.4.0
126 silly currentTree +-- camelcase@1.2.1
126 silly currentTree +-- captchapng@0.0.1
126 silly currentTree +-- center-align@0.1.3
126 silly currentTree +-- character-parser@1.2.1
126 silly currentTree +-- clean-css@3.4.25
126 silly currentTree | `-- commander@2.8.1
126 silly currentTree +-- cliui@2.1.0
126 silly currentTree | `-- wordwrap@0.0.2
126 silly currentTree +-- commander@2.6.0
126 silly currentTree +-- connect@2.0.3
126 silly currentTree | +-- mime@1.2.4
126 silly currentTree | `-- qs@0.4.2
126 silly currentTree +-- constantinople@3.0.2
126 silly currentTree +-- content-disposition@0.5.2
126 silly currentTree +-- content-type@1.0.2
126 silly currentTree +-- cookie-parser@1.4.3
126 silly currentTree +-- cookie-signature@1.0.6
126 silly currentTree +-- cookie@0.3.1
126 silly currentTree +-- core-util-is@1.0.2
126 silly currentTree +-- crc@0.1.0
126 silly currentTree +-- css-parse@1.0.4
126 silly currentTree +-- css-stringify@1.0.5
126 silly currentTree +-- css@1.0.8
126 silly currentTree +-- debug@2.6.1
126 silly currentTree +-- decamelize@1.2.0
126 silly currentTree +-- depd@1.1.0
126 silly currentTree +-- destroy@1.0.4
126 silly currentTree +-- ee-first@1.1.1
126 silly currentTree +-- encodeurl@1.0.1
126 silly currentTree +-- es6-promise@3.2.1
126 silly currentTree +-- escape-html@1.0.3
126 silly currentTree +-- etag@1.7.0
126 silly currentTree +-- express@4.14.1
126 silly currentTree | +-- debug@2.2.0
126 silly currentTree | +-- ms@0.7.1
126 silly currentTree | `-- qs@6.2.0
126 silly currentTree +-- finalhandler@0.5.1
126 silly currentTree | +-- debug@2.2.0
126 silly currentTree | `-- ms@0.7.1
126 silly currentTree +-- formidable@1.0.9
126 silly currentTree +-- forwarded@0.1.0
126 silly currentTree +-- fresh@0.3.0
126 silly currentTree +-- graceful-readlink@1.0.1
126 silly currentTree +-- hooks-fixed@1.2.0
126 silly currentTree +-- http-errors@1.5.1
126 silly currentTree +-- iconv-lite@0.4.15
126 silly currentTree +-- inherits@2.0.3
126 silly currentTree +-- ipaddr.js@1.2.0
126 silly currentTree +-- is-buffer@1.1.4
126 silly currentTree +-- is-promise@2.1.0
126 silly currentTree +-- isarray@1.0.0
126 silly currentTree +-- jade@1.11.0
126 silly currentTree +-- jstransformer@0.0.2
126 silly currentTree +-- kareem@1.2.1
126 silly currentTree +-- kind-of@3.1.0
126 silly currentTree +-- lazy-cache@1.0.4
126 silly currentTree +-- lodash@4.17.4
126 silly currentTree +-- longest@1.0.1
126 silly currentTree +-- media-typer@0.3.0
126 silly currentTree +-- merge-descriptors@1.0.1
126 silly currentTree +-- methods@1.1.2
126 silly currentTree +-- mime-db@1.26.0
126 silly currentTree +-- mime-types@2.1.14
126 silly currentTree +-- mime@1.3.4
126 silly currentTree +-- minimist@0.0.8
126 silly currentTree +-- mkdirp@0.5.1
126 silly currentTree +-- moment@2.17.1
126 silly currentTree +-- mongodb-core@2.1.8
126 silly currentTree +-- mongodb@2.2.24
126 silly currentTree +-- mongoose@4.8.5
126 silly currentTree | `-- async@2.1.4
126 silly currentTree +-- mongoskin@2.1.0
126 silly currentTree +-- morgan@1.7.0
126 silly currentTree | +-- debug@2.2.0
126 silly currentTree | `-- ms@0.7.1
126 silly currentTree +-- mpath@0.2.1
126 silly currentTree +-- mpromise@0.5.5
126 silly currentTree +-- mquery@2.2.3
126 silly currentTree | +-- debug@2.2.0
126 silly currentTree | +-- ms@0.7.1
126 silly currentTree | `-- sliced@0.0.5
126 silly currentTree +-- ms@0.7.2
126 silly currentTree +-- muri@1.2.1
126 silly currentTree +-- negotiator@0.6.1
126 silly currentTree +-- on-finished@2.3.0
126 silly currentTree +-- on-headers@1.0.1
126 silly currentTree +-- optimist@0.3.7
126 silly currentTree +-- parseurl@1.3.1
126 silly currentTree +-- path-to-regexp@0.1.7
126 silly currentTree +-- process-nextick-args@1.0.7
126 silly currentTree +-- promise@6.1.0
126 silly currentTree +-- proxy-addr@1.1.3
126 silly currentTree +-- qs@6.2.1
126 silly currentTree +-- range-parser@1.2.0
126 silly currentTree +-- raw-body@2.2.0
126 silly currentTree +-- readable-stream@2.1.5
126 silly currentTree +-- regexp-clone@0.0.1
126 silly currentTree +-- repeat-string@1.6.1
126 silly currentTree +-- require_optional@1.0.0
126 silly currentTree +-- resolve-from@2.0.0
126 silly currentTree +-- right-align@0.1.3
126 silly currentTree +-- semver@5.3.0
126 silly currentTree +-- send@0.14.2
126 silly currentTree | `-- debug@2.2.0
126 silly currentTree |   `-- ms@0.7.1
126 silly currentTree +-- serve-favicon@2.3.2
126 silly currentTree +-- serve-static@1.11.2
126 silly currentTree +-- session-mongoose@0.5.2
126 silly currentTree +-- setprototypeof@1.0.2
126 silly currentTree +-- sliced@1.0.1
126 silly currentTree +-- source-map@0.4.4
126 silly currentTree +-- statuses@1.3.1
126 silly currentTree +-- string_decoder@0.10.31
126 silly currentTree +-- transformers@2.1.0
126 silly currentTree | +-- is-promise@1.0.1
126 silly currentTree | +-- promise@2.0.0
126 silly currentTree | +-- source-map@0.1.43
126 silly currentTree | `-- uglify-js@2.2.5
126 silly currentTree +-- type-is@1.6.14
126 silly currentTree +-- uglify-js@2.8.4
126 silly currentTree | `-- source-map@0.5.6
126 silly currentTree +-- uglify-to-browserify@1.0.2
126 silly currentTree +-- unpipe@1.0.0
126 silly currentTree +-- util-deprecate@1.0.2
126 silly currentTree +-- utils-merge@1.0.0
126 silly currentTree +-- vary@1.1.0
126 silly currentTree +-- void-elements@2.0.1
126 silly currentTree +-- window-size@0.1.0
126 silly currentTree +-- with@4.0.3
126 silly currentTree | `-- acorn@1.2.2
126 silly currentTree +-- wordwrap@0.0.3
126 silly currentTree `-- yargs@3.10.0
127 silly idealTree untitled2@0.0.0
127 silly idealTree +-- accepts@1.3.3
127 silly idealTree +-- acorn-globals@1.0.9
127 silly idealTree +-- acorn@2.7.0
127 silly idealTree +-- align-text@0.1.4
127 silly idealTree +-- amdefine@1.0.1
127 silly idealTree +-- array-flatten@1.1.1
127 silly idealTree +-- asap@1.0.0
127 silly idealTree +-- async@0.2.10
127 silly idealTree +-- basic-auth@1.0.4
127 silly idealTree +-- bluebird@2.10.2
127 silly idealTree +-- body-parser@1.16.1
127 silly idealTree +-- bson@1.0.4
127 silly idealTree +-- buffer-shims@1.0.0
127 silly idealTree +-- bytes@2.4.0
127 silly idealTree +-- camelcase@1.2.1
127 silly idealTree +-- captchapng@0.0.1
127 silly idealTree +-- center-align@0.1.3
127 silly idealTree +-- character-parser@1.2.1
127 silly idealTree +-- clean-css@3.4.25
127 silly idealTree | `-- commander@2.8.1
127 silly idealTree +-- cliui@2.1.0
127 silly idealTree | `-- wordwrap@0.0.2
127 silly idealTree +-- commander@2.6.0
127 silly idealTree +-- connect@2.0.3
127 silly idealTree | +-- mime@1.2.4
127 silly idealTree | `-- qs@0.4.2
127 silly idealTree +-- constantinople@3.0.2
127 silly idealTree +-- content-disposition@0.5.2
127 silly idealTree +-- content-type@1.0.2
127 silly idealTree +-- cookie-parser@1.4.3
127 silly idealTree +-- cookie-signature@1.0.6
127 silly idealTree +-- cookie@0.3.1
127 silly idealTree +-- core-util-is@1.0.2
127 silly idealTree +-- crc@0.1.0
127 silly idealTree +-- css-parse@1.0.4
127 silly idealTree +-- css-stringify@1.0.5
127 silly idealTree +-- css@1.0.8
127 silly idealTree +-- debug@2.6.1
127 silly idealTree +-- decamelize@1.2.0
127 silly idealTree +-- depd@1.1.0
127 silly idealTree +-- destroy@1.0.4
127 silly idealTree +-- ee-first@1.1.1
127 silly idealTree +-- encodeurl@1.0.1
127 silly idealTree +-- es6-promise@3.2.1
127 silly idealTree +-- escape-html@1.0.3
127 silly idealTree +-- etag@1.7.0
127 silly idealTree +-- express@4.14.1
127 silly idealTree | +-- debug@2.2.0
127 silly idealTree | +-- ms@0.7.1
127 silly idealTree | `-- qs@6.2.0
127 silly idealTree +-- finalhandler@0.5.1
127 silly idealTree | +-- debug@2.2.0
127 silly idealTree | `-- ms@0.7.1
127 silly idealTree +-- formidable@1.0.9
127 silly idealTree +-- forwarded@0.1.0
127 silly idealTree +-- fresh@0.3.0
127 silly idealTree +-- graceful-readlink@1.0.1
127 silly idealTree +-- hooks-fixed@1.2.0
127 silly idealTree +-- http-errors@1.5.1
127 silly idealTree +-- iconv-lite@0.4.15
127 silly idealTree +-- inherits@2.0.3
127 silly idealTree +-- ipaddr.js@1.2.0
127 silly idealTree +-- is-buffer@1.1.4
127 silly idealTree +-- is-promise@2.1.0
127 silly idealTree +-- isarray@1.0.0
127 silly idealTree +-- jade@1.11.0
127 silly idealTree +-- jstransformer@0.0.2
127 silly idealTree +-- kareem@1.2.1
127 silly idealTree +-- kind-of@3.1.0
127 silly idealTree +-- lazy-cache@1.0.4
127 silly idealTree +-- lodash@4.17.4
127 silly idealTree +-- longest@1.0.1
127 silly idealTree +-- media-typer@0.3.0
127 silly idealTree +-- merge-descriptors@1.0.1
127 silly idealTree +-- methods@1.1.2
127 silly idealTree +-- mime-db@1.26.0
127 silly idealTree +-- mime-types@2.1.14
127 silly idealTree +-- mime@1.3.4
127 silly idealTree +-- minimist@0.0.8
127 silly idealTree +-- mkdirp@0.5.1
127 silly idealTree +-- moment@2.17.1
127 silly idealTree +-- mongodb-core@2.1.8
127 silly idealTree +-- mongodb@2.2.24
127 silly idealTree +-- mongoose@4.8.5
127 silly idealTree | `-- async@2.1.4
127 silly idealTree +-- mongoskin@2.1.0
127 silly idealTree +-- morgan@1.7.0
127 silly idealTree | +-- debug@2.2.0
127 silly idealTree | `-- ms@0.7.1
127 silly idealTree +-- mpath@0.2.1
127 silly idealTree +-- mpromise@0.5.5
127 silly idealTree +-- mquery@2.2.3
127 silly idealTree | +-- debug@2.2.0
127 silly idealTree | +-- ms@0.7.1
127 silly idealTree | `-- sliced@0.0.5
127 silly idealTree +-- ms@0.7.2
127 silly idealTree +-- muri@1.2.1
127 silly idealTree +-- negotiator@0.6.1
127 silly idealTree +-- on-finished@2.3.0
127 silly idealTree +-- on-headers@1.0.1
127 silly idealTree +-- optimist@0.3.7
127 silly idealTree +-- parseurl@1.3.1
127 silly idealTree +-- path-to-regexp@0.1.7
127 silly idealTree +-- pnglib@0.0.1
127 silly idealTree +-- process-nextick-args@1.0.7
127 silly idealTree +-- promise@6.1.0
127 silly idealTree +-- proxy-addr@1.1.3
127 silly idealTree +-- qs@6.2.1
127 silly idealTree +-- range-parser@1.2.0
127 silly idealTree +-- raw-body@2.2.0
127 silly idealTree +-- readable-stream@2.1.5
127 silly idealTree +-- regexp-clone@0.0.1
127 silly idealTree +-- repeat-string@1.6.1
127 silly idealTree +-- require_optional@1.0.0
127 silly idealTree +-- resolve-from@2.0.0
127 silly idealTree +-- right-align@0.1.3
127 silly idealTree +-- semver@5.3.0
127 silly idealTree +-- send@0.14.2
127 silly idealTree | `-- debug@2.2.0
127 silly idealTree |   `-- ms@0.7.1
127 silly idealTree +-- serve-favicon@2.3.2
127 silly idealTree +-- serve-static@1.11.2
127 silly idealTree +-- session-mongoose@0.5.2
127 silly idealTree +-- setprototypeof@1.0.2
127 silly idealTree +-- sliced@1.0.1
127 silly idealTree +-- source-map@0.4.4
127 silly idealTree +-- statuses@1.3.1
127 silly idealTree +-- string_decoder@0.10.31
127 silly idealTree +-- transformers@2.1.0
127 silly idealTree | +-- is-promise@1.0.1
127 silly idealTree | +-- promise@2.0.0
127 silly idealTree | +-- source-map@0.1.43
127 silly idealTree | `-- uglify-js@2.2.5
127 silly idealTree +-- type-is@1.6.14
127 silly idealTree +-- uglify-js@2.8.4
127 silly idealTree | `-- source-map@0.5.6
127 silly idealTree +-- uglify-to-browserify@1.0.2
127 silly idealTree +-- unpipe@1.0.0
127 silly idealTree +-- util-deprecate@1.0.2
127 silly idealTree +-- utils-merge@1.0.0
127 silly idealTree +-- vary@1.1.0
127 silly idealTree +-- void-elements@2.0.1
127 silly idealTree +-- window-size@0.1.0
127 silly idealTree +-- with@4.0.3
127 silly idealTree | `-- acorn@1.2.2
127 silly idealTree +-- wordwrap@0.0.3
127 silly idealTree `-- yargs@3.10.0
128 silly generateActionsToTake Starting
129 silly install generateActionsToTake
130 warn checkPermissions Missing write access to F:\weibo\untitled2\node_modules\captchapng
131 silly rollbackFailedOptional Starting
132 silly rollbackFailedOptional Finishing
133 silly runTopLevelLifecycles Finishing
134 silly install printInstalled
135 verbose stack Error: ENOENT: no such file or directory, access 'F:\weibo\untitled2\node_modules\captchapng'
135 verbose stack     at Error (native)
136 verbose cwd F:\weibo\untitled2
137 error Windows_NT 6.3.9600
138 error argv "C:\\Program Files\\nodejs\\node.exe" "C:\\Program Files\\nodejs\\node_modules\\npm\\bin\\npm-cli.js" "install" "captchapng"
139 error node v6.9.1
140 error npm  v3.10.8
141 error path F:\weibo\untitled2\node_modules\captchapng
142 error code ENOENT
143 error errno -4058
144 error syscall access
145 error enoent ENOENT: no such file or directory, access 'F:\weibo\untitled2\node_modules\captchapng'
146 error enoent ENOENT: no such file or directory, access 'F:\weibo\untitled2\node_modules\captchapng'
146 error enoent This is most likely not a problem with npm itself
146 error enoent and is related to npm not being able to find a file.
147 verbose exit [ -4058, true ]
